<?xml version="1.0" encoding="UTF-8"?>
<testng-results skipped="0" failed="0" ignored="0" total="1" passed="1">
  <reporter-output>
  </reporter-output>
  <suite name="Default suite" duration-ms="1555" started-at="2024-02-02T13:44:12Z" finished-at="2024-02-02T13:44:14Z">
    <groups>
    </groups>
    <test name="Default test" duration-ms="1555" started-at="2024-02-02T13:44:12Z" finished-at="2024-02-02T13:44:14Z">
      <class name="Extentreport.Report">
        <test-method status="PASS" signature="repoort()[pri:0, instance:Extentreport.Report@3532ec19]" name="repoort" duration-ms="1481" started-at="2024-02-02T13:44:12Z" finished-at="2024-02-02T13:44:14Z">
          <reporter-output>
          </reporter-output>
        </test-method> <!-- repoort -->
      </class> <!-- Extentreport.Report -->
    </test> <!-- Default test -->
  </suite> <!-- Default suite -->
</testng-results>
